nohup: ignoring input
[2025-12-16 17:24:29 +0000] [2840447] [INFO] Starting gunicorn 23.0.0
[2025-12-16 17:24:29 +0000] [2840447] [INFO] Listening at: http://0.0.0.0:5002 (2840447)
[2025-12-16 17:24:29 +0000] [2840447] [INFO] Using worker: sync
[2025-12-16 17:24:29 +0000] [2840448] [INFO] Booting worker with pid: 2840448
[2025-12-16 17:30:33 +0000] [2840447] [CRITICAL] WORKER TIMEOUT (pid:2840448)
[2025-12-16 17:30:33 +0000] [2840448] [ERROR] Error handling request (no URI read)
Traceback (most recent call last):
  File "/home/ubuntu/lemp-app/venv/lib/python3.12/site-packages/gunicorn/workers/sync.py", line 133, in handle
    req = next(parser)
          ^^^^^^^^^^^^
  File "/home/ubuntu/lemp-app/venv/lib/python3.12/site-packages/gunicorn/http/parser.py", line 41, in __next__
    self.mesg = self.mesg_class(self.cfg, self.unreader, self.source_addr, self.req_count)
                ^^^^^^^^^^^^^^^^^^^^^^^^^^^^^^^^^^^^^^^^^^^^^^^^^^^^^^^^^^^^^^^^^^^^^^^^^^
  File "/home/ubuntu/lemp-app/venv/lib/python3.12/site-packages/gunicorn/http/message.py", line 259, in __init__
    super().__init__(cfg, unreader, peer_addr)
  File "/home/ubuntu/lemp-app/venv/lib/python3.12/site-packages/gunicorn/http/message.py", line 60, in __init__
    unused = self.parse(self.unreader)
             ^^^^^^^^^^^^^^^^^^^^^^^^^
  File "/home/ubuntu/lemp-app/venv/lib/python3.12/site-packages/gunicorn/http/message.py", line 271, in parse
    self.get_data(unreader, buf, stop=True)
  File "/home/ubuntu/lemp-app/venv/lib/python3.12/site-packages/gunicorn/http/message.py", line 262, in get_data
    data = unreader.read()
           ^^^^^^^^^^^^^^^
  File "/home/ubuntu/lemp-app/venv/lib/python3.12/site-packages/gunicorn/http/unreader.py", line 36, in read
    d = self.chunk()
        ^^^^^^^^^^^^
  File "/home/ubuntu/lemp-app/venv/lib/python3.12/site-packages/gunicorn/http/unreader.py", line 63, in chunk
    return self.sock.recv(self.mxchunk)
           ^^^^^^^^^^^^^^^^^^^^^^^^^^^^
  File "/home/ubuntu/lemp-app/venv/lib/python3.12/site-packages/gunicorn/workers/base.py", line 204, in handle_abort
    sys.exit(1)
SystemExit: 1
[2025-12-16 17:30:33 +0000] [2840448] [INFO] Worker exiting (pid: 2840448)
[2025-12-16 17:30:33 +0000] [2841870] [INFO] Booting worker with pid: 2841870
[2025-12-16 17:33:02 +0000] [2840447] [CRITICAL] WORKER TIMEOUT (pid:2841870)
[2025-12-16 17:33:02 +0000] [2841870] [ERROR] Error handling request (no URI read)
Traceback (most recent call last):
  File "/home/ubuntu/lemp-app/venv/lib/python3.12/site-packages/gunicorn/workers/sync.py", line 133, in handle
    req = next(parser)
          ^^^^^^^^^^^^
  File "/home/ubuntu/lemp-app/venv/lib/python3.12/site-packages/gunicorn/http/parser.py", line 41, in __next__
    self.mesg = self.mesg_class(self.cfg, self.unreader, self.source_addr, self.req_count)
                ^^^^^^^^^^^^^^^^^^^^^^^^^^^^^^^^^^^^^^^^^^^^^^^^^^^^^^^^^^^^^^^^^^^^^^^^^^
  File "/home/ubuntu/lemp-app/venv/lib/python3.12/site-packages/gunicorn/http/message.py", line 259, in __init__
    super().__init__(cfg, unreader, peer_addr)
  File "/home/ubuntu/lemp-app/venv/lib/python3.12/site-packages/gunicorn/http/message.py", line 60, in __init__
    unused = self.parse(self.unreader)
             ^^^^^^^^^^^^^^^^^^^^^^^^^
  File "/home/ubuntu/lemp-app/venv/lib/python3.12/site-packages/gunicorn/http/message.py", line 271, in parse
    self.get_data(unreader, buf, stop=True)
  File "/home/ubuntu/lemp-app/venv/lib/python3.12/site-packages/gunicorn/http/message.py", line 262, in get_data
    data = unreader.read()
           ^^^^^^^^^^^^^^^
  File "/home/ubuntu/lemp-app/venv/lib/python3.12/site-packages/gunicorn/http/unreader.py", line 36, in read
    d = self.chunk()
        ^^^^^^^^^^^^
  File "/home/ubuntu/lemp-app/venv/lib/python3.12/site-packages/gunicorn/http/unreader.py", line 63, in chunk
    return self.sock.recv(self.mxchunk)
           ^^^^^^^^^^^^^^^^^^^^^^^^^^^^
  File "/home/ubuntu/lemp-app/venv/lib/python3.12/site-packages/gunicorn/workers/base.py", line 204, in handle_abort
    sys.exit(1)
SystemExit: 1
[2025-12-16 17:33:02 +0000] [2841870] [INFO] Worker exiting (pid: 2841870)
[2025-12-16 17:33:02 +0000] [2842520] [INFO] Booting worker with pid: 2842520
